make all --print-data-base --no-builtin-variables --no-builtin-rules --question
# GNU Make 3.81
# Copyright (C) 2006  Free Software Foundation, Inc.
# This is free software; see the source for copying conditions.
# There is NO warranty; not even for MERCHANTABILITY or FITNESS FOR A
# PARTICULAR PURPOSE.

# This program built for i386-apple-darwin11.3.0
 
/Applications/Xcode.app/Contents/Developer/usr/bin/make -f Makefile_mac.mk all
# GNU Make 3.81
# Copyright (C) 2006  Free Software Foundation, Inc.
# This is free software; see the source for copying conditions.
# There is NO warranty; not even for MERCHANTABILITY or FITNESS FOR A
# PARTICULAR PURPOSE.

# This program built for i386-apple-darwin11.3.0
 

# Make data base, printed on Mon Aug 22 12:34:58 2022

# Variables

# automatic
<D = $(patsubst %/,%,$(dir $<))
# automatic
?F = $(notdir $?)
# environment
VSCODE_LOG_NATIVE = false
# automatic
?D = $(patsubst %/,%,$(dir $?))
# automatic
@D = $(patsubst %/,%,$(dir $@))
# automatic
@F = $(notdir $@)
# makefile
CURDIR := /Users/tchalifo/Documents/fractol
# makefile
SHELL = /bin/sh
# makefile (from `Makefile_mac.mk', line 62)
RM = rm -rf
# makefile (from `Makefile_mac.mk', line 39)
B_SRCS_DIR = bonus_srcs/
# environment
VSCODE_NLS_CONFIG = {"locale":"fr","availableLanguages":{"*":"fr"},"_languagePackId":"575d78304484aa5fa0cbb32d34fd883d.fr","_translationsConfigFile":"/Users/tchalifo/Library/Application Support/Code/clp/575d78304484aa5fa0cbb32d34fd883d.fr/tcf.json","_cacheRoot":"/Users/tchalifo/Library/Application Support/Code/clp/575d78304484aa5fa0cbb32d34fd883d.fr","_resolvedLanguagePackCoreLocation":"/Users/tchalifo/Library/Application Support/Code/clp/575d78304484aa5fa0cbb32d34fd883d.fr/4af164ea3a06f701fe3e89a2bcbb421d2026b68f","_corruptedFile":"/Users/tchalifo/Library/Application Support/Code/clp/575d78304484aa5fa0cbb32d34fd883d.fr/corrupted.info","_languagePackSupport":true}
# environment
_ = /usr/bin/make
# makefile (from `Makefile_mac.mk', line 58)
CFLAGS = -Wall -Werror -Wextra -g
# makefile (from `Makefile_mac.mk', line 18)
BLUE = \033[34m
# makefile (from `Makefile_mac.mk', line 1)
MAKEFILE_LIST :=  Makefile_mac.mk
# makefile (from `Makefile_mac.mk', line 49)
SRCS = $(addprefix $(SRCS_DIR), $(SRCS_FILES))
# environment
VSCODE_VERBOSE_LOGGING = true
# makefile (from `Makefile_mac.mk', line 51)
OBJS = $(addprefix $(OBJS_DIR), $(OBJS_FILES))
# environment
VSCODE_IPC_HOOK_EXTHOST = /var/folders/zz/zyxvpxvq6csfxvn_n000c_zc0032qv/T/vscode-ipc-623d082f-9bd2-46f0-9003-0645ae150613.sock
# environment
VSCODE_CWD = /
# environment
PATH = /Users/tchalifo/.brew/bin:/usr/local/bin:/usr/bin:/bin:/usr/sbin:/sbin:/usr/local/munki:/Library/Apple/usr/bin
# makefile (from `Makefile_mac.mk', line 9)
BOLD = \033[1m
# makefile (from `Makefile_mac.mk', line 8)
END = \033[0m
# makefile (from `Makefile_mac.mk', line 50)
B_SRCS = $(addprefix $(B_SRCS_DIR), $(B_SRCS_FILES))
# makefile (from `Makefile_mac.mk', line 52)
B_OBJS = $(addprefix $(B_OBJS_DIR), $(B_OBJS_FILES))
# makefile (from `Makefile_mac.mk', line 12)
SELECTED = \033[7m
# makefile (from `Makefile_mac.mk', line 46)
VPATH = $(SRCS_DIR) $(B_SRCS_DIR)
# environment
LaunchInstanceID = E38D800C-ABF8-4BF0-A110-C6129C410E04
# makefile (from `Makefile_mac.mk', line 38)
SRCS_DIR = srcs/
# environment
VSCODE_LOG_STACK = false
# environment
ELECTRON_RUN_AS_NODE = 1
# default
.FEATURES := target-specific order-only second-expansion else-if archives jobserver check-symlink
# makefile (from `Makefile_mac.mk', line 44)
LIBFT_DIR = 42Qc_libft/
# makefile (from `Makefile_mac.mk', line 41)
B_OBJS_DIR = bonus_objs/
# environment
SSH_AUTH_SOCK = /private/tmp/com.apple.launchd.jKDeB5fu0S/Listeners
# automatic
%F = $(notdir $%)
# environment
HOMEBREW_TEMP = /tmp/tchalifo/Homebrew/Temp
# makefile (from `Makefile_mac.mk', line 11)
URL = \033[4m
# environment
VSCODE_PIPE_LOGGING = true
# makefile (from `Makefile_mac.mk', line 25)
SRCS_FILES = main.c square_testing.c mlx_utils.c hooks.c key_bind.c 
# environment
PWD = /Users/tchalifo/Documents/fractol
# environment
ORIGINAL_XDG_CURRENT_DESKTOP = undefined
# makefile (from `Makefile_mac.mk', line 16)
GREEN = \033[32m
# makefile (from `Makefile_mac.mk', line 42)
INC_DIR = inc/
# environment
VSCODE_AMD_ENTRYPOINT = vs/workbench/api/node/extensionHostProcess
# environment
HOME = /Users/tchalifo
# default
MAKEFILEPATH := /Applications/Xcode.app/Contents/Developer/Makefiles
# environment
VSCODE_CODE_CACHE_PATH = /Users/tchalifo/Library/Application Support/Code/CachedData/4af164ea3a06f701fe3e89a2bcbb421d2026b68f
# environment
LOGNAME = tchalifo
# environment
APPLICATION_INSIGHTS_NO_DIAGNOSTIC_CHANNEL = 1
# makefile (from `Makefile_mac.mk', line 45)
MLX_MAC_DIR = mlx/
# environment
VSCODE_HANDLES_UNCAUGHT_ERRORS = true
# automatic
^D = $(patsubst %/,%,$(dir $^))
# environment
XPC_FLAGS = 0x0
# default
MAKE = $(MAKE_COMMAND)
# default
MAKECMDGOALS := all
# environment
HOMEBREW_CACHE = /tmp/tchalifo/Homebrew/Caches
# environment
SHLVL = 1
# makefile (from `Makefile_mac.mk', line 21)
WHITE = \033[37m
# makefile (from `Makefile_mac.mk', line 59)
LIBFT = $(MAKE) --silent -C $(LIBFT_DIR)
# makefile (from `Makefile_mac.mk', line 57)
CC = gcc
# makefile (from `Makefile_mac.mk', line 19)
VIOLET = \033[35m
# default
MAKE_VERSION := 3.81
# environment
USER = tchalifo
# makefile
.DEFAULT_GOAL := all
# makefile (from `Makefile_mac.mk', line 23)
NAME = fractol
# automatic
%D = $(patsubst %/,%,$(dir $%))
# default
MAKE_COMMAND := /Applications/Xcode.app/Contents/Developer/usr/bin/make
# default
.VARIABLES := 
# environment
TMPDIR = /var/folders/zz/zyxvpxvq6csfxvn_n000c_zc0032qv/T/
# automatic
*F = $(notdir $*)
# environment
VSCODE_IPC_HOOK = /Users/tchalifo/Library/Application Support/Code/1.68.0-main.sock
# makefile (from `Makefile_mac.mk', line 15)
RED = \033[31m
# makefile
MAKEFLAGS = Rrqp
# environment
MFLAGS = -Rrqp
# automatic
*D = $(patsubst %/,%,$(dir $*))
# makefile (from `Makefile_mac.mk', line 14)
BLACK = \033[30m
# environment
XPC_SERVICE_NAME = com.apple.xpc.launchd.oneshot.0x10000001.Electron
# makefile (from `Makefile_mac.mk', line 40)
OBJS_DIR = objs/
# automatic
+D = $(patsubst %/,%,$(dir $+))
# makefile (from `Makefile_mac.mk', line 17)
YELLOW = \033[33m
# automatic
+F = $(notdir $+)
# environment
__CF_USER_TEXT_ENCODING = 0x18AFB:0x0:0xB
# environment
COMMAND_MODE = unix2003
# default
MAKEFILES := 
# automatic
<F = $(notdir $<)
# makefile (from `Makefile_mac.mk', line 34)
OBJS_FILES = $(SRCS_FILES:.c=.o)
# environment
LC_ALL = C
# environment
SECURITYSESSIONID = 186a7
# automatic
^F = $(notdir $^)
# default
SUFFIXES := 
# default
.INCLUDE_DIRS = /usr/local/include
# makefile (from `Makefile_mac.mk', line 10)
ITALIC = \033[3m
# environment
MAKELEVEL := 1
# makefile (from `Makefile_mac.mk', line 43)
B_INC_DIR = bonus_inc/
# environment
LANG = C
# makefile (from `Makefile_mac.mk', line 20)
BEIGE = \033[36m
# environment
VSCODE_PID = 808
# variable set hash-table stats:
# Load=98/1024=10%, Rehash=0, Collisions=9/137=7%

# Pattern-specific Variable Values

# No pattern-specific variable values.

# Directories

# bonus_srcs: could not be stat'd.
# srcs (device 16777225, inode 1477641): 8 files, no impossibilities.

# 8 files, no impossibilities in 2 directories.

# Implicit Rules

objs/%.o: %.c
#  commands to execute (from `Makefile_mac.mk', line 75):
	@${CC} ${CFLAGS} -I${LIBFT_DIR} -I${INC_DIR} -I. -o $@ -c $<
	

# 1 implicit rules, 0 (0.0%) terminal.

# Files

# Not a target:
objs/mlx_utils.o:
#  Implicit rule search has not been done.
#  Modification time never checked.
#  File has not been updated.

fractol: objs/main.o objs/square_testing.o objs/mlx_utils.o objs/hooks.o objs/key_bind.o
#  Implicit rule search has not been done.
#  Modification time never checked.
#  File has not been updated.
#  commands to execute (from `Makefile_mac.mk', line 68):
	${LIBFT}
	@${CC} ${OBJS} -L${LIBFT_DIR} -lft -lmlx -framework OpenGL -framework AppKit -o ${NAME} -lm
	@echo "\n${BLUE}${BOLD}An executable '${GREEN} fractol ${END}${BLUE}${BOLD}' have been created successfully!${END}"
	@sleep 1
	

# Not a target:
objs/main.o:
#  Implicit rule search has not been done.
#  Modification time never checked.
#  File has not been updated.

all: obj fractol
#  Command-line target.
#  Implicit rule search has been done.
#  File does not exist.
#  File has been updated.
#  Needs to be updated (-q is set).
# variable set hash-table stats:
# Load=0/32=0%, Rehash=0, Collisions=0/3=0%

# Not a target:
objs/square_testing.o:
#  Implicit rule search has not been done.
#  Modification time never checked.
#  File has not been updated.

phony: all bonus clean fclean re
#  Implicit rule search has not been done.
#  Modification time never checked.
#  File has not been updated.

 
# Not a target:
Makefile_mac.mk:
#  Implicit rule search has been done.
#  Last modified 2022-08-22 10:59:42
#  File has been updated.
#  Successfully updated.
# variable set hash-table stats:
# Load=0/32=0%, Rehash=0, Collisions=0/0=0%

# Not a target:
.SUFFIXES:
#  Implicit rule search has not been done.
#  Modification time never checked.
#  File has not been updated.

# Not a target:
objs/key_bind.o:
#  Implicit rule search has not been done.
#  Modification time never checked.
#  File has not been updated.

# Not a target:
bonus:
#  Implicit rule search has not been done.
#  Modification time never checked.
#  File has not been updated.

fclean: clean
#  Implicit rule search has not been done.
#  Modification time never checked.
#  File has not been updated.
#  commands to execute (from `Makefile_mac.mk', line 94):
	${LIBFT} fclean
	${RM} ${NAME}
	

obj:
#  Implicit rule search has not been done.
#  Implicit/static pattern stem: `'
#  File does not exist.
#  File has been updated.
#  Needs to be updated (-q is set).
# automatic
# @ := obj
# automatic
# % := 
# automatic
# * := 
# automatic
# + := 
# automatic
# | := 
# automatic
# < := 
# automatic
# ^ := 
# automatic
# ? := 
# variable set hash-table stats:
# Load=8/32=25%, Rehash=0, Collisions=1/11=9%
#  commands to execute (from `Makefile_mac.mk', line 84):
	mkdir -p ${OBJS_DIR}
	

# Not a target:
.DEFAULT:
#  Implicit rule search has not been done.
#  Modification time never checked.
#  File has not been updated.

re: fclean all
#  Implicit rule search has not been done.
#  Modification time never checked.
#  File has not been updated.

clean:
#  Implicit rule search has not been done.
#  Modification time never checked.
#  File has not been updated.
#  commands to execute (from `Makefile_mac.mk', line 90):
	${LIBFT} clean
	rm -rf ${OBJS}
	

# Not a target:
objs/hooks.o:
#  Implicit rule search has not been done.
#  Modification time never checked.
#  File has not been updated.

# files hash-table stats:
# Load=16/1024=2%, Rehash=0, Collisions=0/49=0%
# VPATH Search Paths

# No `vpath' search paths.

# General (`VPATH' variable) search path:
# srcs

# # of strings in strcache: 1
# # of strcache buffers: 1
# strcache size: total = 4096 / max = 4096 / min = 4096 / avg = 4096
# strcache free: total = 4080 / max = 4080 / min = 4080 / avg = 4080

# Finished Make data base on Mon Aug 22 12:34:58 2022


# Make data base, printed on Mon Aug 22 12:34:58 2022

# Variables

# automatic
<D = $(patsubst %/,%,$(dir $<))
# automatic
?F = $(notdir $?)
# environment
VSCODE_LOG_NATIVE = false
# automatic
?D = $(patsubst %/,%,$(dir $?))
# automatic
@D = $(patsubst %/,%,$(dir $@))
# automatic
@F = $(notdir $@)
# makefile
CURDIR := /Users/tchalifo/Documents/fractol
# makefile
SHELL = /bin/sh
# environment
VSCODE_NLS_CONFIG = {"locale":"fr","availableLanguages":{"*":"fr"},"_languagePackId":"575d78304484aa5fa0cbb32d34fd883d.fr","_translationsConfigFile":"/Users/tchalifo/Library/Application Support/Code/clp/575d78304484aa5fa0cbb32d34fd883d.fr/tcf.json","_cacheRoot":"/Users/tchalifo/Library/Application Support/Code/clp/575d78304484aa5fa0cbb32d34fd883d.fr","_resolvedLanguagePackCoreLocation":"/Users/tchalifo/Library/Application Support/Code/clp/575d78304484aa5fa0cbb32d34fd883d.fr/4af164ea3a06f701fe3e89a2bcbb421d2026b68f","_corruptedFile":"/Users/tchalifo/Library/Application Support/Code/clp/575d78304484aa5fa0cbb32d34fd883d.fr/corrupted.info","_languagePackSupport":true}
# environment
_ = /usr/bin/make
# makefile (from `Makefile', line 1)
MAKEFILE_LIST :=  Makefile
# environment
VSCODE_VERBOSE_LOGGING = true
# environment
VSCODE_IPC_HOOK_EXTHOST = /var/folders/zz/zyxvpxvq6csfxvn_n000c_zc0032qv/T/vscode-ipc-623d082f-9bd2-46f0-9003-0645ae150613.sock
# environment
VSCODE_CWD = /
# environment
PATH = /Users/tchalifo/.brew/bin:/usr/local/bin:/usr/bin:/bin:/usr/sbin:/sbin:/usr/local/munki:/Library/Apple/usr/bin
# environment
LaunchInstanceID = E38D800C-ABF8-4BF0-A110-C6129C410E04
# environment
VSCODE_LOG_STACK = false
# environment
ELECTRON_RUN_AS_NODE = 1
# default
.FEATURES := target-specific order-only second-expansion else-if archives jobserver check-symlink
# environment
SSH_AUTH_SOCK = /private/tmp/com.apple.launchd.jKDeB5fu0S/Listeners
# automatic
%F = $(notdir $%)
# environment
HOMEBREW_TEMP = /tmp/tchalifo/Homebrew/Temp
# environment
VSCODE_PIPE_LOGGING = true
# environment
PWD = /Users/tchalifo/Documents/fractol
# environment
ORIGINAL_XDG_CURRENT_DESKTOP = undefined
# environment
VSCODE_AMD_ENTRYPOINT = vs/workbench/api/node/extensionHostProcess
# environment
HOME = /Users/tchalifo
# default
MAKEFILEPATH := /Applications/Xcode.app/Contents/Developer/Makefiles
# environment
VSCODE_CODE_CACHE_PATH = /Users/tchalifo/Library/Application Support/Code/CachedData/4af164ea3a06f701fe3e89a2bcbb421d2026b68f
# environment
LOGNAME = tchalifo
# environment
APPLICATION_INSIGHTS_NO_DIAGNOSTIC_CHANNEL = 1
# environment
VSCODE_HANDLES_UNCAUGHT_ERRORS = true
# automatic
^D = $(patsubst %/,%,$(dir $^))
# environment
XPC_FLAGS = 0x0
# default
MAKE = $(MAKE_COMMAND)
# default
MAKECMDGOALS := all
# environment
HOMEBREW_CACHE = /tmp/tchalifo/Homebrew/Caches
# environment
SHLVL = 1
# default
MAKE_VERSION := 3.81
# environment
USER = tchalifo
# makefile
.DEFAULT_GOAL := all
# makefile (from `Makefile', line 7)
NAME = Makefile_mac.mk
# automatic
%D = $(patsubst %/,%,$(dir $%))
# default
MAKE_COMMAND := /Applications/Xcode.app/Contents/Developer/usr/bin/make
# default
.VARIABLES := 
# environment
TMPDIR = /var/folders/zz/zyxvpxvq6csfxvn_n000c_zc0032qv/T/
# automatic
*F = $(notdir $*)
# makefile (from `Makefile', line 1)
OS = $(shell uname | cat)
# environment
VSCODE_IPC_HOOK = /Users/tchalifo/Library/Application Support/Code/1.68.0-main.sock
# makefile
MAKEFLAGS = Rrqp
# environment
MFLAGS = -Rrqp
# automatic
*D = $(patsubst %/,%,$(dir $*))
# environment
XPC_SERVICE_NAME = com.apple.xpc.launchd.oneshot.0x10000001.Electron
# automatic
+D = $(patsubst %/,%,$(dir $+))
# automatic
+F = $(notdir $+)
# environment
__CF_USER_TEXT_ENCODING = 0x18AFB:0x0:0xB
# environment
COMMAND_MODE = unix2003
# default
MAKEFILES := 
# automatic
<F = $(notdir $<)
# environment
LC_ALL = C
# environment
SECURITYSESSIONID = 186a7
# automatic
^F = $(notdir $^)
# default
SUFFIXES := 
# default
.INCLUDE_DIRS = /usr/local/include
# environment
MAKELEVEL := 0
# environment
LANG = C
# environment
VSCODE_PID = 808
# variable set hash-table stats:
# Load=67/1024=7%, Rehash=0, Collisions=1/104=1%

# Pattern-specific Variable Values

# No pattern-specific variable values.

# Directories

# . (device 16777225, inode 1309859): 17 files, no impossibilities.

# 17 files, no impossibilities in 1 directories.

# Implicit Rules

# No implicit rules.

# Files

all: Makefile_mac.mk
#  Command-line target.
#  Implicit rule search has not been done.
#  Implicit/static pattern stem: `'
#  Modification time never checked.
#  File has been updated.
#  Failed to be updated.
# automatic
# @ := all
# automatic
# % := 
# automatic
# * := 
# automatic
# + := Makefile_mac.mk
# automatic
# | := 
# automatic
# < := Makefile_mac.mk
# automatic
# ^ := Makefile_mac.mk
# automatic
# ? := Makefile_mac.mk
# variable set hash-table stats:
# Load=8/32=25%, Rehash=0, Collisions=2/13=15%
#  commands to execute (from `Makefile', line 11):
	${MAKE} -f ${NAME} all
	

phony: all bonus clean fclean re
#  Implicit rule search has not been done.
#  Modification time never checked.
#  File has not been updated.

Makefile_mac.mk:
#  Implicit rule search has been done.
#  Last modified 2022-08-22 10:59:42
#  File has been updated.
#  Successfully updated.
# variable set hash-table stats:
# Load=0/32=0%, Rehash=0, Collisions=0/0=0%

# Not a target:
.SUFFIXES:
#  Implicit rule search has not been done.
#  Modification time never checked.
#  File has not been updated.

# Not a target:
Makefile:
#  Implicit rule search has been done.
#  Last modified 2022-08-13 16:01:57
#  File has been updated.
#  Successfully updated.
# variable set hash-table stats:
# Load=0/32=0%, Rehash=0, Collisions=0/0=0%

bonus:
#  Implicit rule search has not been done.
#  Modification time never checked.
 
make: *** [all] Error 1

#  File has not been updated.
#  commands to execute (from `Makefile', line 16):
	${MAKE} -f ${NAME} bonus
	

fclean:
#  Implicit rule search has not been done.
#  Modification time never checked.
#  File has not been updated.
#  commands to execute (from `Makefile', line 22):
	${MAKE} -f ${NAME} fclean
	

# Not a target:
.DEFAULT:
#  Implicit rule search has not been done.
#  Modification time never checked.
#  File has not been updated.

re:
#  Implicit rule search has not been done.
#  Modification time never checked.
#  File has not been updated.
#  commands to execute (from `Makefile', line 25):
	${MAKE} -f ${NAME} re
	

clean:
#  Implicit rule search has not been done.
#  Modification time never checked.
#  File has not been updated.
#  commands to execute (from `Makefile', line 19):
	${MAKE} -f ${NAME} clean
	

# files hash-table stats:
# Load=10/1024=1%, Rehash=0, Collisions=0/31=0%
# VPATH Search Paths

# No `vpath' search paths.

# No general (`VPATH' variable) search path.

# # of strings in strcache: 1
# # of strcache buffers: 1
# strcache size: total = 4096 / max = 4096 / min = 4096 / avg = 4096
# strcache free: total = 4087 / max = 4087 / min = 4087 / avg = 4087

# Finished Make data base on Mon Aug 22 12:34:58 2022

 
